<?xml version="1.0" encoding="UTF-8"?>
<!-- Generated by org.testng.reporters.JUnitReportReporter -->
<testsuite skipped="0" hostname="LAPTOP-TP1TQJGI" name="testcases.TC_001" tests="1" failures="0" timestamp="28 Aug 2019 21:14:20 GMT" time="8.074" errors="0">
  <testcase name="testcase1" time="8.074" classname="testcases.TC_001"/>
</testsuite> <!-- testcases.TC_001 -->
